#
# There is insufficient memory for the Java Runtime Environment to continue.
# Native memory allocation (mmap) failed to map 148897792 bytes for committing reserved memory.
# Possible reasons:
#   The system is out of physical RAM or swap space
#   In 32 bit mode, the process size limit was hit
# Possible solutions:
#   Reduce memory load on the system
#   Increase physical memory or swap space
#   Check if swap backing store is full
#   Use 64 bit Java on a 64 bit OS
#   Decrease Java heap size (-Xmx/-Xms)
#   Decrease number of Java threads
#   Decrease Java thread stack sizes (-Xss)
#   Set larger code cache with -XX:ReservedCodeCacheSize=
# This output file may be truncated or incomplete.
#
#  Out of Memory Error (os_linux.cpp:2640), pid=13700, tid=0x00007f9548bfb700
#
# JRE version: Java(TM) SE Runtime Environment (8.0_161-b12) (build 1.8.0_161-b12)
# Java VM: Java HotSpot(TM) 64-Bit Server VM (25.161-b12 mixed mode linux-amd64 compressed oops)
# Failed to write core dump. Core dumps have been disabled. To enable core dumping, try "ulimit -c unlimited" before starting Java again
#

---------------  T H R E A D  ---------------

Current thread (0x00007f9558078800):  VMThread [stack: 0x00007f9548afb000,0x00007f9548bfc000] [id=13708]

Stack: [0x00007f9548afb000,0x00007f9548bfc000],  sp=0x00007f9548bfa300,  free space=1020k
Native frames: (J=compiled Java code, j=interpreted, Vv=VM code, C=native code)
V  [libjvm.so+0xacf94a]  VMError::report_and_die()+0x2ba
V  [libjvm.so+0x50050b]  report_vm_out_of_memory(char const*, int, unsigned long, VMErrorType, char const*)+0x8b
V  [libjvm.so+0x92b133]  os::Linux::commit_memory_impl(char*, unsigned long, bool)+0x103
V  [libjvm.so+0x92b5c9]  os::pd_commit_memory(char*, unsigned long, unsigned long, bool)+0x29
V  [libjvm.so+0x924c0a]  os::commit_memory(char*, unsigned long, unsigned long, bool)+0x2a
V  [libjvm.so+0x99ab53]  PSVirtualSpace::expand_by(unsigned long)+0x53
V  [libjvm.so+0x99bf58]  PSYoungGen::resize_generation(unsigned long, unsigned long)+0xf8
V  [libjvm.so+0x99b0b2]  PSYoungGen::resize(unsigned long, unsigned long)+0x22
V  [libjvm.so+0x99838b]  PSScavenge::invoke_no_policy()+0xf3b
V  [libjvm.so+0x993635]  PSParallelCompact::invoke(bool)+0x85
V  [libjvm.so+0x487004]  CollectedHeap::collect_as_vm_thread(GCCause::Cause)+0x114
V  [libjvm.so+0xad0dd1]  VM_CollectForMetadataAllocation::doit()+0x161
V  [libjvm.so+0xad8ed5]  VM_Operation::evaluate()+0x55
V  [libjvm.so+0xad729a]  VMThread::evaluate_operation(VM_Operation*)+0xba
V  [libjvm.so+0xad761e]  VMThread::loop()+0x1ce
V  [libjvm.so+0xad7a90]  VMThread::run()+0x70
V  [libjvm.so+0x92da28]  java_start(Thread*)+0x108

VM_Operation (0x00007f95618bc3f0): CollectForMetadataAllocation, mode: safepoint, requested by thread 0x00007f955800a800


---------------  P R O C E S S  ---------------

Java Threads: ( => current thread )
  0x00007f955869e000 JavaThread "process reaper" daemon [_thread_blocked, id=13718, stack(0x00007f9540021000,0x00007f954005a000)]
  0x00007f95580c2800 JavaThread "Service Thread" daemon [_thread_blocked, id=13715, stack(0x00007f954811b000,0x00007f954821c000)]
  0x00007f95580bf000 JavaThread "C1 CompilerThread2" daemon [_thread_blocked, id=13714, stack(0x00007f954821c000,0x00007f954831d000)]
  0x00007f95580bd800 JavaThread "C2 CompilerThread1" daemon [_thread_blocked, id=13713, stack(0x00007f954831d000,0x00007f954841e000)]
  0x00007f95580ba800 JavaThread "C2 CompilerThread0" daemon [_thread_blocked, id=13712, stack(0x00007f954841e000,0x00007f954851f000)]
  0x00007f95580b9000 JavaThread "Signal Dispatcher" daemon [_thread_blocked, id=13711, stack(0x00007f954851f000,0x00007f9548620000)]
  0x00007f9558084800 JavaThread "Finalizer" daemon [_thread_blocked, id=13710, stack(0x00007f95488f9000,0x00007f95489fa000)]
  0x00007f9558080000 JavaThread "Reference Handler" daemon [_thread_blocked, id=13709, stack(0x00007f95489fa000,0x00007f9548afb000)]
  0x00007f955800a800 JavaThread "main" [_thread_blocked, id=13703, stack(0x00007f95617c5000,0x00007f95618c6000)]

Other Threads:
=>0x00007f9558078800 VMThread [stack: 0x00007f9548afb000,0x00007f9548bfc000] [id=13708]
  0x00007f95580c7000 WatcherThread [stack: 0x00007f954801a000,0x00007f954811b000] [id=13716]

VM state:at safepoint (normal execution)

VM Mutex/Monitor currently owned by a thread:  ([mutex/lock_event])
[0x00007f9558006d70] Threads_lock - owner thread: 0x00007f9558078800
[0x00007f9558007270] Heap_lock - owner thread: 0x00007f955800a800

Heap:
 PSYoungGen      total 137216K, used 10233K [0x00000000d7000000, 0x00000000e0000000, 0x0000000100000000)
  eden space 126976K, 0% used [0x00000000d7000000,0x00000000d7000000,0x00000000dec00000)
  from space 10240K, 99% used [0x00000000dec00000,0x00000000df5fe4b0,0x00000000df600000)
  to   space 10240K, 0% used [0x00000000df600000,0x00000000df600000,0x00000000e0000000)
 ParOldGen       total 84992K, used 24849K [0x0000000085000000, 0x000000008a300000, 0x00000000d7000000)
  object space 84992K, 29% used [0x0000000085000000,0x0000000086844720,0x000000008a300000)
 Metaspace       used 20682K, capacity 21130K, committed 21296K, reserved 1069056K
  class space    used 2446K, capacity 2599K, committed 2688K, reserved 1048576K

Card table byte_map: [0x00007f955e17f000,0x00007f955e558000] byte_map_base: 0x00007f955dd57000

Marking Bits: (ParMarkBitMap*) 0x00007f9560c8f920
 Begin Bits: [0x00007f9540280000, 0x00007f9542140000)
 End Bits:   [0x00007f9542140000, 0x00007f9544000000)

Polling page: 0x00007f95618e1000

CodeCache: size=245760Kb used=12243Kb max_used=12625Kb free=233516Kb
 bounds [0x00007f9549000000, 0x00007f9549c70000, 0x00007f9558000000]
 total_blobs=3804 nmethods=3431 adapters=286
 compilation: enabled

Compilation events (10 events):
Event: 21,212 Thread 0x00007f95580bf000 3835       3       com.sun.tools.javac.jvm.ClassReader::attachAnnotations (255 bytes)
Event: 21,212 Thread 0x00007f95580ba800 nmethod 3837 0x00007f9549120b10 code [0x00007f9549120c80, 0x00007f9549120e18]
Event: 21,214 Thread 0x00007f95580bf000 nmethod 3835 0x00007f954911d650 code [0x00007f954911d920, 0x00007f954911ee48]
Event: 21,214 Thread 0x00007f95580bf000 3839       1       com.sun.tools.javac.comp.Resolve$MethodResolutionPhase::isBoxingRequired (5 bytes)
Event: 21,214 Thread 0x00007f95580bf000 nmethod 3839 0x00007f9549120850 code [0x00007f95491209a0, 0x00007f9549120ab0]
Event: 21,214 Thread 0x00007f95580bf000 3836       3       com.sun.tools.javac.jvm.ClassReader$AnnotationCompleter::<init> (29 bytes)
Event: 21,214 Thread 0x00007f95580bf000 nmethod 3836 0x00007f95491203d0 code [0x00007f9549120540, 0x00007f9549120768]
Event: 21,215 Thread 0x00007f95580bf000 3840       3       com.sun.tools.javac.code.Types$Subst::subst (79 bytes)
Event: 21,216 Thread 0x00007f95580bf000 nmethod 3840 0x00007f95491212d0 code [0x00007f95491214c0, 0x00007f9549122118]
Event: 21,222 Thread 0x00007f95580bd800 nmethod 3833 0x00007f954911af10 code [0x00007f954911b0e0, 0x00007f954911b918]

GC Heap History (10 events):
Event: 2,638 GC heap after
Heap after GC invocations=2 (full 0):
 PSYoungGen      total 36864K, used 5116K [0x00000000d7000000, 0x00000000d9900000, 0x0000000100000000)
  eden space 31744K, 0% used [0x00000000d7000000,0x00000000d7000000,0x00000000d8f00000)
  from space 5120K, 99% used [0x00000000d9400000,0x00000000d98ff280,0x00000000d9900000)
  to   space 5120K, 0% used [0x00000000d8f00000,0x00000000d8f00000,0x00000000d9400000)
 ParOldGen       total 84992K, used 1935K [0x0000000085000000, 0x000000008a300000, 0x00000000d7000000)
  object space 84992K, 2% used [0x0000000085000000,0x00000000851e3f38,0x000000008a300000)
 Metaspace       used 12640K, capacity 12930K, committed 13312K, reserved 1060864K
  class space    used 1563K, capacity 1684K, committed 1792K, reserved 1048576K
}
Event: 3,146 GC heap before
{Heap before GC invocations=3 (full 0):
 PSYoungGen      total 36864K, used 36860K [0x00000000d7000000, 0x00000000d9900000, 0x0000000100000000)
  eden space 31744K, 100% used [0x00000000d7000000,0x00000000d8f00000,0x00000000d8f00000)
  from space 5120K, 99% used [0x00000000d9400000,0x00000000d98ff280,0x00000000d9900000)
  to   space 5120K, 0% used [0x00000000d8f00000,0x00000000d8f00000,0x00000000d9400000)
 ParOldGen       total 84992K, used 1935K [0x0000000085000000, 0x000000008a300000, 0x00000000d7000000)
  object space 84992K, 2% used [0x0000000085000000,0x00000000851e3f38,0x000000008a300000)
 Metaspace       used 13377K, capacity 13702K, committed 13824K, reserved 1060864K
  class space    used 1626K, capacity 1727K, committed 1792K, reserved 1048576K
Event: 3,157 GC heap after
Heap after GC invocations=3 (full 0):
 PSYoungGen      total 36864K, used 5088K [0x00000000d7000000, 0x00000000db800000, 0x0000000100000000)
  eden space 31744K, 0% used [0x00000000d7000000,0x00000000d7000000,0x00000000d8f00000)
  from space 5120K, 99% used [0x00000000d8f00000,0x00000000d93f8020,0x00000000d9400000)
  to   space 5120K, 0% used [0x00000000db300000,0x00000000db300000,0x00000000db800000)
 ParOldGen       total 84992K, used 3124K [0x0000000085000000, 0x000000008a300000, 0x00000000d7000000)
  object space 84992K, 3% used [0x0000000085000000,0x000000008530d1b8,0x000000008a300000)
 Metaspace       used 13377K, capacity 13702K, committed 13824K, reserved 1060864K
  class space    used 1626K, capacity 1727K, committed 1792K, reserved 1048576K
}
Event: 3,406 GC heap before
{Heap before GC invocations=4 (full 0):
 PSYoungGen      total 36864K, used 36832K [0x00000000d7000000, 0x00000000db800000, 0x0000000100000000)
  eden space 31744K, 100% used [0x00000000d7000000,0x00000000d8f00000,0x00000000d8f00000)
  from space 5120K, 99% used [0x00000000d8f00000,0x00000000d93f8020,0x00000000d9400000)
  to   space 5120K, 0% used [0x00000000db300000,0x00000000db300000,0x00000000db800000)
 ParOldGen       total 84992K, used 3124K [0x0000000085000000, 0x000000008a300000, 0x00000000d7000000)
  object space 84992K, 3% used [0x0000000085000000,0x000000008530d1b8,0x000000008a300000)
 Metaspace       used 13561K, capacity 13926K, committed 14080K, reserved 1060864K
  class space    used 1644K, capacity 1759K, committed 1792K, reserved 1048576K
Event: 3,417 GC heap after
Heap after GC invocations=4 (full 0):
 PSYoungGen      total 68608K, used 5104K [0x00000000d7000000, 0x00000000db800000, 0x0000000100000000)
  eden space 63488K, 0% used [0x00000000d7000000,0x00000000d7000000,0x00000000dae00000)
  from space 5120K, 99% used [0x00000000db300000,0x00000000db7fc010,0x00000000db800000)
  to   space 5120K, 0% used [0x00000000dae00000,0x00000000dae00000,0x00000000db300000)
 ParOldGen       total 84992K, used 5282K [0x0000000085000000, 0x000000008a300000, 0x00000000d7000000)
  object space 84992K, 6% used [0x0000000085000000,0x0000000085528ab0,0x000000008a300000)
 Metaspace       used 13561K, capacity 13926K, committed 14080K, reserved 1060864K
  class space    used 1644K, capacity 1759K, committed 1792K, reserved 1048576K
}
Event: 4,801 GC heap before
{Heap before GC invocations=5 (full 0):
 PSYoungGen      total 68608K, used 68592K [0x00000000d7000000, 0x00000000db800000, 0x0000000100000000)
  eden space 63488K, 100% used [0x00000000d7000000,0x00000000dae00000,0x00000000dae00000)
  from space 5120K, 99% used [0x00000000db300000,0x00000000db7fc010,0x00000000db800000)
  to   space 5120K, 0% used [0x00000000dae00000,0x00000000dae00000,0x00000000db300000)
 ParOldGen       total 84992K, used 5282K [0x0000000085000000, 0x000000008a300000, 0x00000000d7000000)
  object space 84992K, 6% used [0x0000000085000000,0x0000000085528ab0,0x000000008a300000)
 Metaspace       used 13809K, capacity 14148K, committed 14336K, reserved 1062912K
  class space    used 1649K, capacity 1764K, committed 1792K, reserved 1048576K
Event: 4,813 GC heap after
Heap after GC invocations=5 (full 0):
 PSYoungGen      total 68608K, used 5088K [0x00000000d7000000, 0x00000000e0000000, 0x0000000100000000)
  eden space 63488K, 0% used [0x00000000d7000000,0x00000000d7000000,0x00000000dae00000)
  from space 5120K, 99% used [0x00000000dae00000,0x00000000db2f8020,0x00000000db300000)
  to   space 10240K, 0% used [0x00000000df600000,0x00000000df600000,0x00000000e0000000)
 ParOldGen       total 84992K, used 9298K [0x0000000085000000, 0x000000008a300000, 0x00000000d7000000)
  object space 84992K, 10% used [0x0000000085000000,0x0000000085914ab0,0x000000008a300000)
 Metaspace       used 13809K, capacity 14148K, committed 14336K, reserved 1062912K
  class space    used 1649K, capacity 1764K, committed 1792K, reserved 1048576K
}
Event: 7,173 GC heap before
{Heap before GC invocations=6 (full 0):
 PSYoungGen      total 68608K, used 68576K [0x00000000d7000000, 0x00000000e0000000, 0x0000000100000000)
  eden space 63488K, 100% used [0x00000000d7000000,0x00000000dae00000,0x00000000dae00000)
  from space 5120K, 99% used [0x00000000dae00000,0x00000000db2f8020,0x00000000db300000)
  to   space 10240K, 0% used [0x00000000df600000,0x00000000df600000,0x00000000e0000000)
 ParOldGen       total 84992K, used 9298K [0x0000000085000000, 0x000000008a300000, 0x00000000d7000000)
  object space 84992K, 10% used [0x0000000085000000,0x0000000085914ab0,0x000000008a300000)
 Metaspace       used 15127K, capacity 15526K, committed 15744K, reserved 1062912K
  class space    used 1787K, capacity 1879K, committed 1920K, reserved 1048576K
Event: 7,186 GC heap after
Heap after GC invocations=6 (full 0):
 PSYoungGen      total 137216K, used 8454K [0x00000000d7000000, 0x00000000e0000000, 0x0000000100000000)
  eden space 126976K, 0% used [0x00000000d7000000,0x00000000d7000000,0x00000000dec00000)
  from space 10240K, 82% used [0x00000000df600000,0x00000000dfe41930,0x00000000e0000000)
  to   space 10240K, 0% used [0x00000000dec00000,0x00000000dec00000,0x00000000df600000)
 ParOldGen       total 84992K, used 9306K [0x0000000085000000, 0x000000008a300000, 0x00000000d7000000)
  object space 84992K, 10% used [0x0000000085000000,0x0000000085916ab0,0x000000008a300000)
 Metaspace       used 15127K, capacity 15526K, committed 15744K, reserved 1062912K
  class space    used 1787K, capacity 1879K, committed 1920K, reserved 1048576K
}
Event: 21,234 GC heap before
{Heap before GC invocations=7 (full 0):
 PSYoungGen      total 137216K, used 108147K [0x00000000d7000000, 0x00000000e0000000, 0x0000000100000000)
  eden space 126976K, 78% used [0x00000000d7000000,0x00000000dd15b608,0x00000000dec00000)
  from space 10240K, 82% used [0x00000000df600000,0x00000000dfe41930,0x00000000e0000000)
  to   space 10240K, 0% used [0x00000000dec00000,0x00000000dec00000,0x00000000df600000)
 ParOldGen       total 84992K, used 9306K [0x0000000085000000, 0x000000008a300000, 0x00000000d7000000)
  object space 84992K, 10% used [0x0000000085000000,0x0000000085916ab0,0x000000008a300000)
 Metaspace       used 20682K, capacity 21130K, committed 21296K, reserved 1069056K
  class space    used 2446K, capacity 2599K, committed 2688K, reserved 1048576K

Deoptimization events (10 events):
Event: 20,655 Thread 0x00007f955800a800 Uncommon trap: reason=class_check action=maybe_recompile pc=0x00007f954954e784 method=com.sun.tools.javac.util.List.prependList(Lcom/sun/tools/javac/util/List;)Lcom/sun/tools/javac/util/List; @ 1
Event: 20,668 Thread 0x00007f955800a800 Uncommon trap: reason=class_check action=maybe_recompile pc=0x00007f954954e784 method=com.sun.tools.javac.util.List.prependList(Lcom/sun/tools/javac/util/List;)Lcom/sun/tools/javac/util/List; @ 1
Event: 20,779 Thread 0x00007f955800a800 Uncommon trap: reason=unstable_if action=reinterpret pc=0x00007f954973a414 method=com.sun.tools.javac.code.Scope.dble()V @ 44
Event: 21,157 Thread 0x00007f955800a800 Uncommon trap: reason=unstable_if action=reinterpret pc=0x00007f9549505e44 method=com.sun.tools.javac.code.Scope.lookup(Lcom/sun/tools/javac/util/Name;Lcom/sun/tools/javac/util/Filter;)Lcom/sun/tools/javac/code/Scope$Entry; @ 54
Event: 21,205 Thread 0x00007f955800a800 Uncommon trap: reason=unstable_if action=reinterpret pc=0x00007f9549302504 method=java.lang.Integer.valueOf(I)Ljava/lang/Integer; @ 3
Event: 21,206 Thread 0x00007f955800a800 Uncommon trap: reason=unstable_if action=reinterpret pc=0x00007f9549a74254 method=java.lang.Integer.valueOf(I)Ljava/lang/Integer; @ 3
Event: 21,215 Thread 0x00007f955800a800 Uncommon trap: reason=class_check action=maybe_recompile pc=0x00007f95496d83a4 method=com.sun.tools.javac.code.Type.containsAny(Lcom/sun/tools/javac/util/List;)Z @ 6
Event: 21,215 Thread 0x00007f955800a800 Uncommon trap: reason=class_check action=maybe_recompile pc=0x00007f95496d83a4 method=com.sun.tools.javac.code.Type.containsAny(Lcom/sun/tools/javac/util/List;)Z @ 6
Event: 21,219 Thread 0x00007f955800a800 Uncommon trap: reason=class_check action=maybe_recompile pc=0x00007f95496d83a4 method=com.sun.tools.javac.code.Type.containsAny(Lcom/sun/tools/javac/util/List;)Z @ 6
Event: 21,221 Thread 0x00007f955800a800 Uncommon trap: reason=class_check action=maybe_recompile pc=0x00007f95496d83a4 method=com.sun.tools.javac.code.Type.containsAny(Lcom/sun/tools/javac/util/List;)Z @ 6

Classes redefined (0 events):
No events

Internal exceptions (10 events):
Event: 3,088 Thread 0x00007f955800a800 Implicit null exception at 0x00007f95493987b5 to 0x00007f95493989bd
Event: 3,088 Thread 0x00007f955800a800 Implicit null exception at 0x00007f95492dee2f to 0x00007f95492dee99
Event: 3,299 Thread 0x00007f955800a800 Implicit null exception at 0x00007f9549613341 to 0x00007f9549613d25
Event: 5,516 Thread 0x00007f955800a800 Exception <a 'java/lang/NoClassDefFoundError': org/slf4j/Logger> (0x00000000d7c98d88) thrown at [/HUDSON/workspace/8-2-build-linux-amd64/jdk8u161/10277/hotspot/src/share/vm/oops/constantPool.cpp, line 235]
Event: 5,886 Thread 0x00007f955800a800 Implicit null exception at 0x00007f95498d1ed6 to 0x00007f95498d1f95
Event: 6,489 Thread 0x00007f955800a800 Exception <a 'java/lang/NoClassDefFoundError': org/slf4j/Logger> (0x00000000d8fc8e78) thrown at [/HUDSON/workspace/8-2-build-linux-amd64/jdk8u161/10277/hotspot/src/share/vm/oops/constantPool.cpp, line 235]
Event: 7,318 Thread 0x00007f955800a800 Exception <a 'java/lang/NoClassDefFoundError': org/slf4j/Logger> (0x00000000d74557a8) thrown at [/HUDSON/workspace/8-2-build-linux-amd64/jdk8u161/10277/hotspot/src/share/vm/oops/constantPool.cpp, line 235]
Event: 10,502 Thread 0x00007f955800a800 Exception <a 'java/lang/ClassNotFoundException': com/sun/tools/javac/api/JavacTool> (0x00000000d7943160) thrown at [/HUDSON/workspace/8-2-build-linux-amd64/jdk8u161/10277/hotspot/src/share/vm/classfile/systemDictionary.cpp, line 210]
Event: 19,727 Thread 0x00007f955800a800 Exception <a 'java/io/FileNotFoundException'> (0x00000000da9def90) thrown at [/HUDSON/workspace/8-2-build-linux-amd64/jdk8u161/10277/hotspot/src/share/vm/prims/jni.cpp, line 709]
Event: 19,731 Thread 0x00007f955800a800 Exception <a 'java/io/FileNotFoundException'> (0x00000000daa15758) thrown at [/HUDSON/workspace/8-2-build-linux-amd64/jdk8u161/10277/hotspot/src/share/vm/prims/jni.cpp, line 709]

Events (10 events):
Event: 21,228 loading class com/sun/tools/javac/util/GraphUtils$Tarjan done
Event: 21,229 loading class com/sun/tools/javac/comp/Infer$GraphInferenceSteps
Event: 21,229 loading class com/sun/tools/javac/comp/Infer$GraphInferenceSteps done
Event: 21,229 loading class com/sun/tools/javac/comp/Infer$InferenceStep
Event: 21,229 loading class com/sun/tools/javac/comp/Infer$InferenceStep done
Event: 21,230 loading class com/sun/tools/javac/comp/Infer$InferenceStep$1
Event: 21,230 loading class com/sun/tools/javac/comp/Infer$InferenceStep$1 done
Event: 21,230 loading class com/sun/tools/javac/comp/Infer$InferenceStep$2
Event: 21,230 loading class com/sun/tools/javac/comp/Infer$InferenceStep$2 done
Event: 21,232 Executing VM operation: CollectForMetadataAllocation


Dynamic libraries:
00400000-00401000 r-xp 00000000 08:17 1048865                            /usr/lib/jvm/java-8-oracle/bin/java
00600000-00601000 rw-p 00000000 08:17 1048865                            /usr/lib/jvm/java-8-oracle/bin/java
01a6c000-01a8d000 rw-p 00000000 00:00 0                                  [heap]
85000000-8a300000 rw-p 00000000 00:00 0 
8a300000-d7000000 ---p 00000000 00:00 0 
d7000000-e0000000 rw-p 00000000 00:00 0 
e8e00000-100000000 ---p 00000000 00:00 0 
100000000-1002a0000 rw-p 00000000 00:00 0 
1002a0000-140000000 ---p 00000000 00:00 0 
7f9504000000-7f9504021000 rw-p 00000000 00:00 0 
7f9504021000-7f9508000000 ---p 00000000 00:00 0 
7f950be00000-7f950be2c000 rw-p 00000000 00:00 0 
7f950be2c000-7f950c000000 ---p 00000000 00:00 0 
7f950c000000-7f950c021000 rw-p 00000000 00:00 0 
7f950c021000-7f9510000000 ---p 00000000 00:00 0 
7f9510000000-7f9510021000 rw-p 00000000 00:00 0 
7f9510021000-7f9514000000 ---p 00000000 00:00 0 
7f9514000000-7f95161a8000 rw-p 00000000 00:00 0 
7f95161a8000-7f9518000000 ---p 00000000 00:00 0 
7f9518000000-7f9518970000 rw-p 00000000 00:00 0 
7f9518970000-7f951c000000 ---p 00000000 00:00 0 
7f951c000000-7f951c021000 rw-p 00000000 00:00 0 
7f951c021000-7f9520000000 ---p 00000000 00:00 0 
7f9520000000-7f9522514000 rw-p 00000000 00:00 0 
7f9522514000-7f9524000000 ---p 00000000 00:00 0 
7f9524000000-7f9524021000 rw-p 00000000 00:00 0 
7f9524021000-7f9528000000 ---p 00000000 00:00 0 
7f9528000000-7f9528021000 rw-p 00000000 00:00 0 
7f9528021000-7f952c000000 ---p 00000000 00:00 0 
7f952c000000-7f952c021000 rw-p 00000000 00:00 0 
7f952c021000-7f9530000000 ---p 00000000 00:00 0 
7f9530000000-7f953028f000 rw-p 00000000 00:00 0 
7f953028f000-7f9534000000 ---p 00000000 00:00 0 
7f9534000000-7f9534021000 rw-p 00000000 00:00 0 
7f9534021000-7f9538000000 ---p 00000000 00:00 0 
7f95380a6000-7f95380d0000 r--s 002c4000 08:03 20057832                   /home/nikos/.m2/repository/org/apache/tomcat/embed/tomcat-embed-core/8.5.20/tomcat-embed-core-8.5.20.jar
7f95380d0000-7f95380ef000 r--s 000df000 08:03 17302844                   /home/nikos/.m2/repository/org/springframework/boot/spring-boot-autoconfigure/1.5.1.RELEASE/spring-boot-autoconfigure-1.5.1.RELEASE.jar
7f95380ef000-7f95380ff000 r--s 00092000 08:03 17302842                   /home/nikos/.m2/repository/org/springframework/boot/spring-boot/1.5.1.RELEASE/spring-boot-1.5.1.RELEASE.jar
7f95380ff000-7f9538100000 r--s 00000000 08:03 17432922                   /home/nikos/.m2/repository/javax/inject/javax.inject/1/javax.inject-1.jar
7f9538100000-7f9538104000 r--s 00041000 08:03 17302840                   /home/nikos/.m2/repository/com/fasterxml/jackson/core/jackson-core/2.8.6/jackson-core-2.8.6.jar
7f9538104000-7f9538107000 r--s 0000b000 08:03 17302838                   /home/nikos/.m2/repository/com/fasterxml/jackson/core/jackson-annotations/2.8.0/jackson-annotations-2.8.0.jar
7f9538107000-7f9538118000 r--s 0011d000 08:03 17302836                   /home/nikos/.m2/repository/com/fasterxml/jackson/core/jackson-databind/2.8.6/jackson-databind-2.8.6.jar
7f9538118000-7f9538122000 r--s 0005f000 08:03 17432920                   /home/nikos/.m2/repository/org/springframework/spring-jdbc/4.3.6.RELEASE/spring-jdbc-4.3.6.RELEASE.jar
7f9538122000-7f953812c000 r--s 0006b000 08:03 17432918                   /home/nikos/.m2/repository/org/springframework/spring-orm/4.3.6.RELEASE/spring-orm-4.3.6.RELEASE.jar
7f953812c000-7f953812f000 r--s 00023000 08:03 17432916                   /home/nikos/.m2/repository/org/jdom/jdom/1.1/jdom-1.1.jar
7f953812f000-7f9538135000 r--s 00033000 08:03 17432914                   /home/nikos/.m2/repository/commons-codec/commons-codec/1.6/commons-codec-1.6.jar
7f9538135000-7f953813a000 r--s 00041000 08:03 17432912                   /home/nikos/.m2/repository/commons-lang/commons-lang/2.6/commons-lang-2.6.jar
7f953813a000-7f953813c000 r--s 00003000 08:03 17302832                   /home/nikos/.m2/repository/org/slf4j/jcl-over-slf4j/1.7.22/jcl-over-slf4j-1.7.22.jar
7f953813c000-7f953813e000 r--s 00009000 08:03 17302830                   /home/nikos/.m2/repository/org/slf4j/slf4j-api/1.7.22/slf4j-api-1.7.22.jar
7f953813e000-7f9538151000 r--s 000a8000 08:03 17432910                   /home/nikos/.m2/repository/org/springframework/data/spring-data-commons/1.13.0.RELEASE/spring-data-commons-1.13.0.RELEASE.jar
7f9538151000-7f9538156000 r--s 0003c000 08:03 17302828                   /home/nikos/.m2/repository/org/springframework/spring-expression/4.3.6.RELEASE/spring-expression-4.3.6.RELEASE.jar
7f9538156000-7f9538164000 r--s 000ad000 08:03 17302826                   /home/nikos/.m2/repository/org/springframework/spring-beans/4.3.6.RELEASE/spring-beans-4.3.6.RELEASE.jar
7f9538164000-7f953816c000 r--s 0003a000 08:03 17432908                   /home/nikos/.m2/repository/org/springframework/spring-tx/4.3.6.RELEASE/spring-tx-4.3.6.RELEASE.jar
7f953816c000-7f9538184000 r--s 000db000 08:03 17432906                   /home/nikos/.m2/repository/org/springframework/data/spring-data-mongodb/1.10.0.RELEASE/spring-data-mongodb-1.10.0.RELEASE.jar
7f9538184000-7f95381a2000 r--s 0017b000 08:03 17432904                   /home/nikos/.m2/repository/org/mongodb/mongo-java-driver/3.4.1/mongo-java-driver-3.4.1.jar
7f95381a2000-7f95381a4000 r--s 0000e000 08:03 17432902                   /home/nikos/.m2/repository/javax/activation/activation/1.1/activation-1.1.jar
7f95381a4000-7f95381ad000 r--s 0008c000 08:03 17432900                   /home/nikos/.m2/repository/com/sun/mail/javax.mail/1.5.6/javax.mail-1.5.6.jar
7f95381ad000-7f95381b2000 r--s 00029000 08:03 17432898                   /home/nikos/.m2/repository/org/springframework/spring-context-support/4.3.6.RELEASE/spring-context-support-4.3.6.RELEASE.jar
7f95381b2000-7f95381cb000 r--s 000fd000 08:03 17302824                   /home/nikos/.m2/repository/org/springframework/spring-context/4.3.6.RELEASE/spring-context-4.3.6.RELEASE.jar
7f95381cb000-7f95381cc000 r--s 00000000 08:03 17432896                   /home/nikos/.m2/repository/org/springframework/boot/spring-boot-starter-mail/1.5.1.RELEASE/spring-boot-starter-mail-1.5.1.RELEASE.jar
7f95381cc000-7f95381cf000 r--s 0000c000 08:03 17432894                   /home/nikos/.m2/repository/org/springframework/spring-aspects/4.3.6.RELEASE/spring-aspects-4.3.6.RELEASE.jar
7f95381cf000-7f95381d6000 r--s 00040000 08:03 17432892                   /home/nikos/.m2/repository/org/springframework/data/spring-data-jpa/1.11.0.RELEASE/spring-data-jpa-1.11.0.RELEASE.jar
7f95381d6000-7f95381d8000 r--s 00006000 08:03 17432890                   /home/nikos/.m2/repository/javax/transaction/javax.transaction-api/1.2/javax.transaction-api-1.2.jar
7f95381d8000-7f95381e5000 r--s 00089000 08:03 17432888                   /home/nikos/.m2/repository/org/hibernate/hibernate-entitymanager/5.0.11.Final/hibernate-entitymanager-5.0.11.Final.jar
7f95381e5000-7f95381e8000 r--s 00010000 08:03 17432886                   /home/nikos/.m2/repository/org/hibernate/common/hibernate-commons-annotations/5.0.1.Final/hibernate-commons-annotations-5.0.1.Final.jar
7f95381e8000-7f95381ed000 r--s 00048000 08:03 17432884                   /home/nikos/.m2/repository/dom4j/dom4j/1.6.1/dom4j-1.6.1.jar
7f95381ed000-7f95381f0000 r--s 0002b000 08:03 17432882                   /home/nikos/.m2/repository/org/jboss/jandex/2.0.0.Final/jandex-2.0.0.Final.jar
7f95381f0000-7f95381f5000 r--s 00068000 08:03 17432880                   /home/nikos/.m2/repository/antlr/antlr/2.7.7/antlr-2.7.7.jar
7f95381f5000-7f95381ff000 r--s 000aa000 08:03 17432879                   /home/nikos/.m2/repository/org/javassist/javassist/3.21.0-GA/javassist-3.21.0-GA.jar
7f95381ff000-7f9538204000 r--s 00017000 08:03 17432877                   /home/nikos/.m2/repository/org/hibernate/javax/persistence/hibernate-jpa-2.1-api/1.0.0.Final/hibernate-jpa-2.1-api-1.0.0.Final.jar
7f9538204000-7f953826d000 r--s 004f3000 08:03 17432875                   /home/nikos/.m2/repository/org/hibernate/hibernate-core/5.0.11.Final/hibernate-core-5.0.11.Final.jar
7f953826d000-7f953826f000 r--s 00009000 08:03 19927828                   /home/nikos/.m2/repository/org/apache/tomcat/tomcat-juli/8.5.11/tomcat-juli-8.5.11.jar
7f953826f000-7f9538272000 r--s 00020000 08:03 19665732                   /home/nikos/.m2/repository/org/apache/tomcat/tomcat-jdbc/8.5.11/tomcat-jdbc-8.5.11.jar
7f9538272000-7f9538273000 r--s 00000000 08:03 17432869                   /home/nikos/.m2/repository/org/springframework/boot/spring-boot-starter-jdbc/1.5.1.RELEASE/spring-boot-starter-jdbc-1.5.1.RELEASE.jar
7f9538273000-7f953828c000 r--s 001af000 08:03 17432867                   /home/nikos/.m2/repository/org/aspectj/aspectjweaver/1.8.9/aspectjweaver-1.8.9.jar
7f953828c000-7f953828d000 r--s 00000000 08:03 17432865                   /home/nikos/.m2/repository/org/springframework/boot/spring-boot-starter-aop/1.5.1.RELEASE/spring-boot-starter-aop-1.5.1.RELEASE.jar
7f953828d000-7f953828e000 r--s 00000000 08:03 17432863                   /home/nikos/.m2/repository/org/springframework/boot/spring-boot-starter-data-jpa/1.5.1.RELEASE/spring-boot-starter-data-jpa-1.5.1.RELEASE.jar
7f953828e000-7f95382a1000 r--s 00236000 08:03 17302822                   /home/nikos/.m2/repository/org/eclipse/jdt/core/compiler/ecj/4.5.1/ecj-4.5.1.jar
7f95382a1000-7f95382aa000 r--s 00095000 08:03 19401365                   /home/nikos/.m2/repository/org/apache/tomcat/embed/tomcat-embed-jasper/8.5.11/tomcat-embed-jasper-8.5.11.jar
7f95382aa000-7f95382b4000 r--s 0005c000 08:03 17302817                   /home/nikos/.m2/repository/javax/servlet/jstl/1.2/jstl-1.2.jar
7f95382b4000-7f95382b9000 r--s 00036000 08:03 19141147                   /home/nikos/.m2/repository/org/apache/tomcat/embed/tomcat-embed-websocket/8.5.11/tomcat-embed-websocket-8.5.11.jar
7f95382b9000-7f95382be000 r--s 00036000 08:03 18744664                   /home/nikos/.m2/repository/org/apache/tomcat/embed/tomcat-embed-el/8.5.11/tomcat-embed-el-8.5.11.jar
7f95382be000-7f95382bf000 r--s 00000000 08:03 17302809                   /home/nikos/.m2/repository/org/springframework/boot/spring-boot-starter-tomcat/1.5.1.RELEASE/spring-boot-starter-tomcat-1.5.1.RELEASE.jar
7f95382bf000-7f95382d5000 r--s 000fb000 08:03 17302808                   /home/nikos/.m2/repository/org/springframework/spring-core/4.3.6.RELEASE/spring-core-4.3.6.RELEASE.jar
7f95382d5000-7f95382e6000 r--s 000cf000 08:03 17302781                   /home/nikos/.m2/repository/org/springframework/spring-webmvc/4.3.6.RELEASE/spring-webmvc-4.3.6.RELEASE.jar
7f95382e6000-7f95382ef000 r--s 00054000 08:03 17302779                   /home/nikos/.m2/repository/org/springframework/spring-aop/4.3.6.RELEASE/spring-aop-4.3.6.RELEASE.jar
7f95382ef000-7f9538301000 r--s 000b6000 08:03 17302777                   /home/nikos/.m2/repository/org/springframework/spring-web/4.3.6.RELEASE/spring-web-4.3.6.RELEASE.jar
7f9538301000-7f9538303000 r--s 0000e000 08:03 17302775                   /home/nikos/.m2/repository/com/fasterxml/classmate/1.3.3/classmate-1.3.3.jar
7f9538303000-7f9538305000 r--s 0000f000 08:03 17302773                   /home/nikos/.m2/repository/org/jboss/logging/jboss-logging/3.3.0.Final/jboss-logging-3.3.0.Final.jar
7f9538305000-7f9538309000 r--s 0000c000 08:03 17302771                   /home/nikos/.m2/repository/javax/validation/validation-api/1.1.0.Final/validation-api-1.1.0.Final.jar
7f9538309000-7f953831a000 r--s 000a1000 08:03 17302769                   /home/nikos/.m2/repository/org/hibernate/hibernate-validator/5.3.4.Final/hibernate-validator-5.3.4.Final.jar
7f953831a000-7f953831c000 r--s 00004000 08:03 17302767                   /home/nikos/.m2/repository/org/slf4j/log4j-over-slf4j/1.7.22/log4j-over-slf4j-1.7.22.jar
7f953831c000-7f953831e000 r--s 00000000 08:03 17302763                   /home/nikos/.m2/repository/org/slf4j/jul-to-slf4j/1.7.22/jul-to-slf4j-1.7.22.jar
7f953831e000-7f9538329000 r--s 00069000 08:03 17302762                   /home/nikos/.m2/repository/ch/qos/logback/logback-core/1.1.9/logback-core-1.1.9.jar
7f9538329000-7f953832f000 r--s 00045000 08:03 17302759                   /home/nikos/.m2/repository/ch/qos/logback/logback-classic/1.1.9/logback-classic-1.1.9.jar
7f953832f000-7f9538330000 r--s 00000000 08:03 17302761                   /home/nikos/.m2/repository/org/springframework/boot/spring-boot-starter-logging/1.5.1.RELEASE/spring-boot-starter-logging-1.5.1.RELEASE.jar
7f9538330000-7f9538331000 r--s 00000000 08:03 17302760                   /home/nikos/.m2/repository/org/springframework/boot/spring-boot-starter/1.5.1.RELEASE/spring-boot-starter-1.5.1.RELEASE.jar
7f9538331000-7f9538332000 r--s 00000000 08:03 17302757                   /home/nikos/.m2/repository/org/springframework/boot/spring-boot-starter-web/1.5.1.RELEASE/spring-boot-starter-web-1.5.1.RELEASE.jar
7f9538332000-7f9538532000 rw-p 00000000 00:00 0 
7f9538532000-7f9538732000 rw-p 00000000 00:00 0 
7f9538732000-7f95387ab000 r--s 010f9000 08:17 1060090                    /usr/lib/jvm/java-8-oracle/lib/tools.jar
7f95387ab000-7f95387ae000 r--s 0001b000 08:03 17433606                   /home/nikos/.m2/repository/junit/junit/3.8.2/junit-3.8.2.jar
7f95387ae000-7f95387bc000 r--s 0008f000 08:03 17433605                   /home/nikos/.m2/repository/com/google/collections/google-collections/1.0/google-collections-1.0.jar
7f95387bc000-7f95387bd000 r--s 0000a000 08:03 17433602                   /home/nikos/.m2/repository/commons-logging/commons-logging-api/1.1/commons-logging-api-1.1.jar
7f95387bd000-7f95387c4000 r--s 00051000 08:03 17433599                   /home/nikos/.m2/repository/log4j/log4j/1.2.12/log4j-1.2.12.jar
7f95387c4000-7f95387c8000 r--s 0001d000 08:03 17433600                   /home/nikos/.m2/repository/org/apache/xbean/xbean-reflect/3.4/xbean-reflect-3.4.jar
7f95387c8000-7f95387ca000 r--s 00000000 08:03 17433594                   /home/nikos/.m2/repository/org/codehaus/plexus/plexus-compiler-manager/2.2/plexus-compiler-manager-2.2.jar
7f95387ca000-7f95387cc000 r--s 00005000 08:03 17433593                   /home/nikos/.m2/repository/org/codehaus/plexus/plexus-compiler-api/2.2/plexus-compiler-api-2.2.jar
7f95387cc000-7f95387ce000 r--s 00000000 08:03 17433590                   /home/nikos/.m2/repository/org/codehaus/plexus/plexus-component-annotations/1.5.5/plexus-component-annotations-1.5.5.jar
7f95387ce000-7f95387d0000 r--s 00002000 08:03 17433589                   /home/nikos/.m2/repository/org/apache/maven/shared/maven-shared-incremental/1.1/maven-shared-incremental-1.1.jar
7f95387d0000-7f95387d3000 r--s 00023000 08:03 17433587                   /home/nikos/.m2/repository/org/apache/maven/shared/maven-shared-utils/0.1/maven-shared-utils-0.1.jar
7f95387d3000-7f95387d7000 r--s 00030000 08:03 17433586                   /home/nikos/.m2/repository/org/codehaus/plexus/plexus-utils/1.5.1/plexus-utils-1.5.1.jar
7f95387d7000-7f95389d7000 rw-p 00000000 00:00 0 
7f95389d7000-7f95389e8000 r-xp 00000000 08:17 1052289                    /usr/lib/jvm/java-8-oracle/jre/lib/amd64/libnio.so
7f95389e8000-7f9538be7000 ---p 00011000 08:17 1052289                    /usr/lib/jvm/java-8-oracle/jre/lib/amd64/libnio.so
7f9538be7000-7f9538be8000 rw-p 00010000 08:17 1052289                    /usr/lib/jvm/java-8-oracle/jre/lib/amd64/libnio.so
7f9538be8000-7f953bbe9000 rw-p 00000000 00:00 0 
7f953bbe9000-7f953bbff000 r-xp 00000000 08:17 1052210                    /usr/lib/jvm/java-8-oracle/jre/lib/amd64/libnet.so
7f953bbff000-7f953bdff000 ---p 00016000 08:17 1052210                    /usr/lib/jvm/java-8-oracle/jre/lib/amd64/libnet.so
7f953bdff000-7f953be00000 rw-p 00016000 08:17 1052210                    /usr/lib/jvm/java-8-oracle/jre/lib/amd64/libnet.so
7f953be00000-7f953c000000 rw-p 00000000 00:00 0 
7f953c000000-7f953c021000 rw-p 00000000 00:00 0 
7f953c021000-7f9540000000 ---p 00000000 00:00 0 
7f9540000000-7f9540001000 r--s 00004000 08:03 17433596                   /home/nikos/.m2/repository/org/codehaus/plexus/plexus-compiler-javac/2.2/plexus-compiler-javac-2.2.jar
7f9540001000-7f9540003000 r--s 00009000 08:03 17302355                   /home/nikos/.m2/repository/org/apache/maven/plugins/maven-compiler-plugin/3.1/maven-compiler-plugin-3.1.jar
7f9540003000-7f9540005000 r--s 0000d000 08:03 17433181                   /home/nikos/.m2/repository/org/codehaus/plexus/plexus-interpolation/1.13/plexus-interpolation-1.13.jar
7f9540005000-7f9540006000 r--s 00001000 08:03 17433179                   /home/nikos/.m2/repository/org/sonatype/plexus/plexus-build-api/0.0.4/plexus-build-api-0.0.4.jar
7f9540006000-7f9540008000 r--s 00009000 08:03 17433178                   /home/nikos/.m2/repository/org/apache/maven/shared/maven-filtering/1.1/maven-filtering-1.1.jar
7f9540008000-7f954000c000 r--s 00033000 08:03 17433175                   /home/nikos/.m2/repository/org/codehaus/plexus/plexus-utils/2.0.5/plexus-utils-2.0.5.jar
7f954000c000-7f954000f000 r--s 0001b000 08:03 17433172                   /home/nikos/.m2/repository/junit/junit/3.8.1/junit-3.8.1.jar
7f954000f000-7f9540011000 r--s 00002000 08:03 17433173                   /home/nikos/.m2/repository/org/codehaus/plexus/plexus-interactivity-api/1.0-alpha-4/plexus-interactivity-api-1.0-alpha-4.jar
7f9540011000-7f9540013000 r--s 00006000 08:03 17433171                   /home/nikos/.m2/repository/commons-cli/commons-cli/1.0/commons-cli-1.0.jar
7f9540013000-7f9540014000 r--s 00001000 08:03 17433170                   /home/nikos/.m2/repository/org/apache/maven/doxia/doxia-sink-api/1.0-alpha-7/doxia-sink-api-1.0-alpha-7.jar
7f9540014000-7f9540016000 r--s 00006000 08:03 17302336                   /home/nikos/.m2/repository/org/apache/maven/plugins/maven-resources-plugin/2.6/maven-resources-plugin-2.6.jar
7f9540016000-7f9540019000 r--s 00027000 08:03 17826154                   /home/nikos/.m2/repository/org/codehaus/plexus/plexus-utils/1.1/plexus-utils-1.1.jar
7f9540019000-7f954001b000 r--s 00006000 08:03 17433588                   /home/nikos/.m2/repository/com/google/code/findbugs/jsr305/2.0.1/jsr305-2.0.1.jar
7f954001b000-7f954001f000 r--s 00026000 08:03 17434014                   /home/nikos/.m2/repository/org/apache/maven/shared/maven-shared-utils/0.7/maven-shared-utils-0.7.jar
7f954001f000-7f9540021000 r--s 00006000 08:03 17564315                   /home/nikos/.m2/repository/org/apache/maven/plugins/maven-clean-plugin/2.6.1/maven-clean-plugin-2.6.1.jar
7f9540021000-7f9540024000 ---p 00000000 00:00 0 
7f9540024000-7f954005a000 rw-p 00000000 00:00 0 
7f954005a000-7f954005f000 r--s 0009d000 08:17 1049605                    /usr/lib/jvm/java-8-oracle/jre/lib/jsse.jar
7f954005f000-7f954025f000 rw-p 00000000 00:00 0 
7f954025f000-7f9540261000 r--s 0000d000 08:03 17041827                   /home/nikos/netbeans-8.2/java/maven-nblib/netbeans-eventspy.jar
7f9540261000-7f9540280000 r--s 00154000 08:03 17041845                   /home/nikos/netbeans-8.2/java/maven/lib/sisu-guava-0.9.9.jar
7f9540280000-7f9544000000 rw-p 00000000 00:00 0 
7f9544000000-7f9544021000 rw-p 00000000 00:00 0 
7f9544021000-7f9548000000 ---p 00000000 00:00 0 
7f9548000000-7f9548001000 r--s 00002000 08:03 17433169                   /home/nikos/.m2/repository/org/apache/maven/reporting/maven-reporting-api/2.0.6/maven-reporting-api-2.0.6.jar
7f9548001000-7f9548003000 r--s 00002000 08:03 17041837                   /home/nikos/netbeans-8.2/java/maven/lib/plexus-cipher-1.7.jar
7f9548003000-7f9548005000 r--s 0000b000 08:03 17041790                   /home/nikos/netbeans-8.2/java/maven/lib/wagon-provider-api-2.10.jar
7f9548005000-7f9548009000 r--s 00033000 08:03 17041830                   /home/nikos/netbeans-8.2/java/maven/lib/plexus-utils-2.0.6.jar
7f9548009000-7f954800c000 r--s 0001d000 08:03 17041831                   /home/nikos/netbeans-8.2/java/maven/lib/aether-impl-1.13.1.jar
7f954800c000-7f9548013000 r--s 0003f000 08:03 17041804                   /home/nikos/netbeans-8.2/java/maven/lib/sisu-inject-bean-2.3.0.jar
7f9548013000-7f954801a000 r--s 0002b000 08:03 17041778                   /home/nikos/netbeans-8.2/java/maven/lib/sisu-inject-plexus-2.3.0.jar
7f954801a000-7f954801b000 ---p 00000000 00:00 0 
7f954801b000-7f954811b000 rw-p 00000000 00:00 0 
7f954811b000-7f954811e000 ---p 00000000 00:00 0 
7f954811e000-7f954821c000 rw-p 00000000 00:00 0 
7f954821c000-7f954821f000 ---p 00000000 00:00 0 
7f954821f000-7f954831d000 rw-p 00000000 00:00 0 
7f954831d000-7f9548320000 ---p 00000000 00:00 0 
7f9548320000-7f954841e000 rw-p 00000000 00:00 0 
7f954841e000-7f9548421000 ---p 00000000 00:00 0 
7f9548421000-7f954851f000 rw-p 00000000 00:00 0 
7f954851f000-7f9548522000 ---p 00000000 00:00 0 
7f9548522000-7f9548620000 rw-p 00000000 00:00 0 
7f9548620000-7f95488f9000 r--p 00000000 08:17 1065346                    /usr/lib/locale/locale-archive
7f95488f9000-7f95488fc000 ---p 00000000 00:00 0 
7f95488fc000-7f95489fa000 rw-p 00000000 00:00 0 
7f95489fa000-7f95489fd000 ---p 00000000 00:00 0 
7f95489fd000-7f9548afb000 rw-p 00000000 00:00 0 
7f9548afb000-7f9548afc000 ---p 00000000 00:00 0 
7f9548afc000-7f9549000000 rw-p 00000000 00:00 0 
7f9549000000-7f9549c70000 rwxp 00000000 00:00 0 
7f9549c70000-7f9558000000 ---p 00000000 00:00 0 
7f9558000000-7f9558f24000 rw-p 00000000 00:00 0 
7f9558f24000-7f955c000000 ---p 00000000 00:00 0 
7f955c000000-7f955c001000 r--p 00000000 00:00 0 
7f955c001000-7f955c003000 r--s 00006000 08:03 17041609                   /home/nikos/netbeans-8.2/java/maven/lib/maven-repository-metadata-3.0.5.jar
7f955c003000-7f955c009000 r--s 0003f000 08:03 17041833                   /home/nikos/netbeans-8.2/java/maven/lib/maven-compat-3.0.5.jar
7f955c009000-7f955c00d000 r--s 00021000 08:03 17041757                   /home/nikos/netbeans-8.2/java/maven/lib/maven-model-builder-3.0.5.jar
7f955c00d000-7f955c011000 r--s 00013000 08:03 17041838                   /home/nikos/netbeans-8.2/java/maven/lib/aether-api-1.13.1.jar
7f955c011000-7f955c015000 r--s 0001c000 08:03 17041832                   /home/nikos/netbeans-8.2/java/maven/lib/aether-util-1.13.1.jar
7f955c015000-7f955c021000 r--s 0007d000 08:03 17041844                   /home/nikos/netbeans-8.2/java/maven/lib/maven-core-3.0.5.jar
7f955c021000-7f955c050000 r--s 001c8000 08:03 17041802                   /home/nikos/netbeans-8.2/java/maven/lib/wagon-http-2.10-shaded.jar
7f955c050000-7f955c0e6000 r--s 0110a000 08:17 1048990                    /usr/lib/jvm/java-8-oracle/jre/lib/ext/jfxrt.jar
7f955c0e6000-7f955ccc4000 rw-p 00000000 00:00 0 
7f955ccc4000-7f955ce9d000 r--s 03d64000 08:17 1049600                    /usr/lib/jvm/java-8-oracle/jre/lib/rt.jar
7f955ce9d000-7f955daeb000 rw-p 00000000 00:00 0 
7f955daeb000-7f955daec000 ---p 00000000 00:00 0 
7f955daec000-7f955dbec000 rw-p 00000000 00:00 0 
7f955dbec000-7f955dbed000 ---p 00000000 00:00 0 
7f955dbed000-7f955dced000 rw-p 00000000 00:00 0 
7f955dced000-7f955dcee000 ---p 00000000 00:00 0 
7f955dcee000-7f955ddee000 rw-p 00000000 00:00 0 
7f955ddee000-7f955ddef000 ---p 00000000 00:00 0 
7f955ddef000-7f955df19000 rw-p 00000000 00:00 0 
7f955df19000-7f955e17f000 ---p 00000000 00:00 0 
7f955e17f000-7f955e1a9000 rw-p 00000000 00:00 0 
7f955e1a9000-7f955e40f000 ---p 00000000 00:00 0 
7f955e40f000-7f955e457000 rw-p 00000000 00:00 0 
7f955e457000-7f955e557000 ---p 00000000 00:00 0 
7f955e557000-7f955e58a000 rw-p 00000000 00:00 0 
7f955e58a000-7f955e918000 ---p 00000000 00:00 0 
7f955e918000-7f955e933000 r-xp 00000000 08:17 1052132                    /usr/lib/jvm/java-8-oracle/jre/lib/amd64/libzip.so
7f955e933000-7f955eb33000 ---p 0001b000 08:17 1052132                    /usr/lib/jvm/java-8-oracle/jre/lib/amd64/libzip.so
7f955eb33000-7f955eb34000 rw-p 0001b000 08:17 1052132                    /usr/lib/jvm/java-8-oracle/jre/lib/amd64/libzip.so
7f955eb34000-7f955eb3f000 r-xp 00000000 08:17 797872                     /lib/x86_64-linux-gnu/libnss_files-2.23.so
7f955eb3f000-7f955ed3e000 ---p 0000b000 08:17 797872                     /lib/x86_64-linux-gnu/libnss_files-2.23.so
7f955ed3e000-7f955ed3f000 r--p 0000a000 08:17 797872                     /lib/x86_64-linux-gnu/libnss_files-2.23.so
7f955ed3f000-7f955ed40000 rw-p 0000b000 08:17 797872                     /lib/x86_64-linux-gnu/libnss_files-2.23.so
7f955ed40000-7f955ed46000 rw-p 00000000 00:00 0 
7f955ed46000-7f955ed51000 r-xp 00000000 08:17 797876                     /lib/x86_64-linux-gnu/libnss_nis-2.23.so
7f955ed51000-7f955ef50000 ---p 0000b000 08:17 797876                     /lib/x86_64-linux-gnu/libnss_nis-2.23.so
7f955ef50000-7f955ef51000 r--p 0000a000 08:17 797876                     /lib/x86_64-linux-gnu/libnss_nis-2.23.so
7f955ef51000-7f955ef52000 rw-p 0000b000 08:17 797876                     /lib/x86_64-linux-gnu/libnss_nis-2.23.so
7f955ef52000-7f955ef68000 r-xp 00000000 08:17 791266                     /lib/x86_64-linux-gnu/libnsl-2.23.so
7f955ef68000-7f955f167000 ---p 00016000 08:17 791266                     /lib/x86_64-linux-gnu/libnsl-2.23.so
7f955f167000-7f955f168000 r--p 00015000 08:17 791266                     /lib/x86_64-linux-gnu/libnsl-2.23.so
7f955f168000-7f955f169000 rw-p 00016000 08:17 791266                     /lib/x86_64-linux-gnu/libnsl-2.23.so
7f955f169000-7f955f16b000 rw-p 00000000 00:00 0 
7f955f16b000-7f955f173000 r-xp 00000000 08:17 797867                     /lib/x86_64-linux-gnu/libnss_compat-2.23.so
7f955f173000-7f955f372000 ---p 00008000 08:17 797867                     /lib/x86_64-linux-gnu/libnss_compat-2.23.so
7f955f372000-7f955f373000 r--p 00007000 08:17 797867                     /lib/x86_64-linux-gnu/libnss_compat-2.23.so
7f955f373000-7f955f374000 rw-p 00008000 08:17 797867                     /lib/x86_64-linux-gnu/libnss_compat-2.23.so
7f955f374000-7f955f39f000 r-xp 00000000 08:17 1051419                    /usr/lib/jvm/java-8-oracle/jre/lib/amd64/libjava.so
7f955f39f000-7f955f59e000 ---p 0002b000 08:17 1051419                    /usr/lib/jvm/java-8-oracle/jre/lib/amd64/libjava.so
7f955f59e000-7f955f5a0000 rw-p 0002a000 08:17 1051419                    /usr/lib/jvm/java-8-oracle/jre/lib/amd64/libjava.so
7f955f5a0000-7f955f5ad000 r-xp 00000000 08:17 1051467                    /usr/lib/jvm/java-8-oracle/jre/lib/amd64/libverify.so
7f955f5ad000-7f955f7ad000 ---p 0000d000 08:17 1051467                    /usr/lib/jvm/java-8-oracle/jre/lib/amd64/libverify.so
7f955f7ad000-7f955f7af000 rw-p 0000d000 08:17 1051467                    /usr/lib/jvm/java-8-oracle/jre/lib/amd64/libverify.so
7f955f7af000-7f955f7b6000 r-xp 00000000 08:17 797877                     /lib/x86_64-linux-gnu/librt-2.23.so
7f955f7b6000-7f955f9b5000 ---p 00007000 08:17 797877                     /lib/x86_64-linux-gnu/librt-2.23.so
7f955f9b5000-7f955f9b6000 r--p 00006000 08:17 797877                     /lib/x86_64-linux-gnu/librt-2.23.so
7f955f9b6000-7f955f9b7000 rw-p 00007000 08:17 797877                     /lib/x86_64-linux-gnu/librt-2.23.so
7f955f9b7000-7f955fabf000 r-xp 00000000 08:17 791252                     /lib/x86_64-linux-gnu/libm-2.23.so
7f955fabf000-7f955fcbe000 ---p 00108000 08:17 791252                     /lib/x86_64-linux-gnu/libm-2.23.so
7f955fcbe000-7f955fcbf000 r--p 00107000 08:17 791252                     /lib/x86_64-linux-gnu/libm-2.23.so
7f955fcbf000-7f955fcc0000 rw-p 00108000 08:17 791252                     /lib/x86_64-linux-gnu/libm-2.23.so
7f955fcc0000-7f9560999000 r-xp 00000000 08:17 1052853                    /usr/lib/jvm/java-8-oracle/jre/lib/amd64/server/libjvm.so
7f9560999000-7f9560b98000 ---p 00cd9000 08:17 1052853                    /usr/lib/jvm/java-8-oracle/jre/lib/amd64/server/libjvm.so
7f9560b98000-7f9560c71000 rw-p 00cd8000 08:17 1052853                    /usr/lib/jvm/java-8-oracle/jre/lib/amd64/server/libjvm.so
7f9560c71000-7f9560cbd000 rw-p 00000000 00:00 0 
7f9560cbd000-7f9560e7d000 r-xp 00000000 08:17 791700                     /lib/x86_64-linux-gnu/libc-2.23.so
7f9560e7d000-7f956107d000 ---p 001c0000 08:17 791700                     /lib/x86_64-linux-gnu/libc-2.23.so
7f956107d000-7f9561081000 r--p 001c0000 08:17 791700                     /lib/x86_64-linux-gnu/libc-2.23.so
7f9561081000-7f9561083000 rw-p 001c4000 08:17 791700                     /lib/x86_64-linux-gnu/libc-2.23.so
7f9561083000-7f9561087000 rw-p 00000000 00:00 0 
7f9561087000-7f956108a000 r-xp 00000000 08:17 791744                     /lib/x86_64-linux-gnu/libdl-2.23.so
7f956108a000-7f9561289000 ---p 00003000 08:17 791744                     /lib/x86_64-linux-gnu/libdl-2.23.so
7f9561289000-7f956128a000 r--p 00002000 08:17 791744                     /lib/x86_64-linux-gnu/libdl-2.23.so
7f956128a000-7f956128b000 rw-p 00003000 08:17 791744                     /lib/x86_64-linux-gnu/libdl-2.23.so
7f956128b000-7f95612a1000 r-xp 00000000 08:17 1060096                    /usr/lib/jvm/java-8-oracle/lib/amd64/jli/libjli.so
7f95612a1000-7f95614a0000 ---p 00016000 08:17 1060096                    /usr/lib/jvm/java-8-oracle/lib/amd64/jli/libjli.so
7f95614a0000-7f95614a1000 rw-p 00015000 08:17 1060096                    /usr/lib/jvm/java-8-oracle/lib/amd64/jli/libjli.so
7f95614a1000-7f95614b9000 r-xp 00000000 08:17 791670                     /lib/x86_64-linux-gnu/libpthread-2.23.so
7f95614b9000-7f95616b8000 ---p 00018000 08:17 791670                     /lib/x86_64-linux-gnu/libpthread-2.23.so
7f95616b8000-7f95616b9000 r--p 00017000 08:17 791670                     /lib/x86_64-linux-gnu/libpthread-2.23.so
7f95616b9000-7f95616ba000 rw-p 00018000 08:17 791670                     /lib/x86_64-linux-gnu/libpthread-2.23.so
7f95616ba000-7f95616be000 rw-p 00000000 00:00 0 
7f95616be000-7f95616e4000 r-xp 00000000 08:17 791268                     /lib/x86_64-linux-gnu/ld-2.23.so
7f95616e4000-7f95616e5000 r--s 00002000 08:03 17041847                   /home/nikos/netbeans-8.2/java/maven/lib/wagon-file-2.10.jar
7f95616e5000-7f95616e7000 r--s 0000a000 08:03 17041819                   /home/nikos/netbeans-8.2/java/maven/lib/maven-settings-3.0.5.jar
7f95616e7000-7f95616e9000 r--s 00006000 08:03 17041675                   /home/nikos/netbeans-8.2/java/maven/lib/aether-connector-wagon-1.13.1.jar
7f95616e9000-7f95616eb000 r--s 0000b000 08:03 17041817                   /home/nikos/netbeans-8.2/java/maven/lib/maven-artifact-3.0.5.jar
7f95616eb000-7f95616ed000 r--s 0000d000 08:03 17041759                   /home/nikos/netbeans-8.2/java/maven/lib/plexus-interpolation-1.14.jar
7f95616ed000-7f95616ee000 r--s 00006000 08:03 17041758                   /home/nikos/netbeans-8.2/java/maven/lib/plexus-sec-dispatcher-1.3.jar
7f95616ee000-7f95616ef000 r--s 00002000 08:03 17041805                   /home/nikos/netbeans-8.2/java/maven/lib/wagon-http-shared-2.10.jar
7f95616ef000-7f95616f7000 r--s 00050000 08:03 17041789                   /home/nikos/netbeans-8.2/java/maven/lib/sisu-guice-3.1.0-no_aop.jar
7f95616f7000-7f95616fa000 r--s 00008000 08:03 17041704                   /home/nikos/netbeans-8.2/java/maven/lib/maven-settings-builder-3.0.5.jar
7f95616fa000-7f95617c5000 rw-p 00000000 00:00 0 
7f95617c5000-7f95617c8000 ---p 00000000 00:00 0 
7f95617c8000-7f95618ca000 rw-p 00000000 00:00 0 
7f95618ca000-7f95618cb000 r--s 00003000 08:03 17041839                   /home/nikos/netbeans-8.2/java/maven/lib/aether-spi-1.13.1.jar
7f95618cb000-7f95618cc000 r--s 0000a000 08:03 17041818                   /home/nikos/netbeans-8.2/java/maven/lib/maven-embedder-3.0.5.jar
7f95618cc000-7f95618ce000 r--s 00009000 08:03 17041848                   /home/nikos/netbeans-8.2/java/maven/lib/commons-cli-1.2.jar
7f95618ce000-7f95618d0000 r--s 00026000 08:03 17041836                   /home/nikos/netbeans-8.2/java/maven/lib/maven-model-3.0.5.jar
7f95618d0000-7f95618d2000 r--s 00000000 08:03 17041488                   /home/nikos/netbeans-8.2/java/maven/lib/plexus-component-annotations-1.5.5.jar
7f95618d2000-7f95618d4000 r--s 0000b000 08:03 17041803                   /home/nikos/netbeans-8.2/java/maven/lib/maven-plugin-api-3.0.5.jar
7f95618d4000-7f95618d6000 r--s 0000c000 08:03 17041722                   /home/nikos/netbeans-8.2/java/maven/lib/maven-aether-provider-3.0.5.jar
7f95618d6000-7f95618d8000 r--s 0000a000 08:03 17041792                   /home/nikos/netbeans-8.2/java/maven/boot/plexus-classworlds-2.4.jar
7f95618d8000-7f95618e0000 rw-s 00000000 08:17 2370818                    /tmp/hsperfdata_nikos/13700
7f95618e0000-7f95618e1000 rw-p 00000000 00:00 0 
7f95618e1000-7f95618e2000 ---p 00000000 00:00 0 
7f95618e2000-7f95618e3000 rw-p 00000000 00:00 0 
7f95618e3000-7f95618e4000 r--p 00025000 08:17 791268                     /lib/x86_64-linux-gnu/ld-2.23.so
7f95618e4000-7f95618e5000 rw-p 00026000 08:17 791268                     /lib/x86_64-linux-gnu/ld-2.23.so
7f95618e5000-7f95618e6000 rw-p 00000000 00:00 0 
7ffd7161f000-7ffd71640000 rw-p 00000000 00:00 0                          [stack]
7ffd717f8000-7ffd717fb000 r--p 00000000 00:00 0                          [vvar]
7ffd717fb000-7ffd717fd000 r-xp 00000000 00:00 0                          [vdso]
ffffffffff600000-ffffffffff601000 r-xp 00000000 00:00 0                  [vsyscall]

VM Arguments:
jvm_args: -Dclassworlds.conf=/home/nikos/netbeans-8.2/java/maven/bin/m2.conf -Dmaven.home=/home/nikos/netbeans-8.2/java/maven 
java_command: org.codehaus.plexus.classworlds.launcher.Launcher -DskipTests=true -Dmaven.ext.class.path=/home/nikos/netbeans-8.2/java/maven-nblib/netbeans-eventspy.jar clean install
java_class_path (initial): /home/nikos/netbeans-8.2/java/maven/boot/plexus-classworlds-2.4.jar
Launcher Type: SUN_STANDARD

Environment Variables:
JAVA_HOME=/usr/lib/jvm/java-8-oracle
PATH=/home/nikos/bin:/home/nikos/.local/bin:/usr/local/sbin:/usr/local/bin:/usr/sbin:/usr/bin:/sbin:/bin:/usr/games:/usr/local/games:/snap/bin:/usr/lib/jvm/java-8-oracle/bin:/usr/lib/jvm/java-8-oracle/db/bin:/usr/lib/jvm/java-8-oracle/jre/bin:/usr/local/go/bin:/home/nikos/work/bin:
LD_LIBRARY_PATH=/usr/lib/jvm/java-8-oracle/jre/lib/amd64:/usr/lib/jvm/java-8-oracle/jre/lib/i386:
SHELL=/bin/bash
DISPLAY=:0

Signal Handlers:
SIGSEGV: [libjvm.so+0xad01e0], sa_mask[0]=11111111011111111101111111111110, sa_flags=SA_RESTART|SA_SIGINFO
SIGBUS: [libjvm.so+0xad01e0], sa_mask[0]=11111111011111111101111111111110, sa_flags=SA_RESTART|SA_SIGINFO
SIGFPE: [libjvm.so+0x927fb0], sa_mask[0]=11111111011111111101111111111110, sa_flags=SA_RESTART|SA_SIGINFO
SIGPIPE: [libjvm.so+0x927fb0], sa_mask[0]=11111111011111111101111111111110, sa_flags=SA_RESTART|SA_SIGINFO
SIGXFSZ: [libjvm.so+0x927fb0], sa_mask[0]=11111111011111111101111111111110, sa_flags=SA_RESTART|SA_SIGINFO
SIGILL: [libjvm.so+0x927fb0], sa_mask[0]=11111111011111111101111111111110, sa_flags=SA_RESTART|SA_SIGINFO
SIGUSR1: SIG_DFL, sa_mask[0]=00000000000000000000000000000000, sa_flags=none
SIGUSR2: [libjvm.so+0x9297f0], sa_mask[0]=00100000000000000000000000000000, sa_flags=SA_RESTART|SA_SIGINFO
SIGHUP: [libjvm.so+0x92abf0], sa_mask[0]=11111111011111111101111111111110, sa_flags=SA_RESTART|SA_SIGINFO
SIGINT: SIG_IGN, sa_mask[0]=00000000000000000000000000000000, sa_flags=none
SIGTERM: [libjvm.so+0x92abf0], sa_mask[0]=11111111011111111101111111111110, sa_flags=SA_RESTART|SA_SIGINFO
SIGQUIT: [libjvm.so+0x92abf0], sa_mask[0]=11111111011111111101111111111110, sa_flags=SA_RESTART|SA_SIGINFO


---------------  S Y S T E M  ---------------

OS:DISTRIB_ID=Ubuntu
DISTRIB_RELEASE=16.04
DISTRIB_CODENAME=xenial
DISTRIB_DESCRIPTION="Ubuntu 16.04.3 LTS"

uname:Linux 4.13.0-32-generic #35~16.04.1-Ubuntu SMP Thu Jan 25 10:13:43 UTC 2018 x86_64
libc:glibc 2.23 NPTL 2.23 
rlimit: STACK 8192k, CORE 0k, NPROC 30936, NOFILE 1048576, AS infinity
load average:4,02 1,94 1,36

/proc/meminfo:
MemTotal:        8055620 kB
MemFree:          119796 kB
MemAvailable:      22100 kB
Buffers:             764 kB
Cached:           791480 kB
SwapCached:            0 kB
Active:          6801756 kB
Inactive:         780260 kB
Active(anon):    6791284 kB
Inactive(anon):   766424 kB
Active(file):      10472 kB
Inactive(file):    13836 kB
Unevictable:         896 kB
Mlocked:             896 kB
SwapTotal:             0 kB
SwapFree:              0 kB
Dirty:               136 kB
Writeback:             0 kB
AnonPages:       6790376 kB
Mapped:           358508 kB
Shmem:            768228 kB
Slab:             147984 kB
SReclaimable:      58320 kB
SUnreclaim:        89664 kB
KernelStack:       18192 kB
PageTables:        76816 kB
NFS_Unstable:          0 kB
Bounce:                0 kB
WritebackTmp:          0 kB
CommitLimit:     4027808 kB
Committed_AS:   14716128 kB
VmallocTotal:   34359738367 kB
VmallocUsed:           0 kB
VmallocChunk:          0 kB
HardwareCorrupted:     0 kB
AnonHugePages:         0 kB
ShmemHugePages:        0 kB
ShmemPmdMapped:        0 kB
CmaTotal:              0 kB
CmaFree:               0 kB
HugePages_Total:       0
HugePages_Free:        0
HugePages_Rsvd:        0
HugePages_Surp:        0
Hugepagesize:       2048 kB
DirectMap4k:      297440 kB
DirectMap2M:     7979008 kB
DirectMap1G:     1048576 kB


CPU:total 4 (initial active 4) (2 cores per cpu, 2 threads per core) family 6 model 142 stepping 9, cmov, cx8, fxsr, mmx, sse, sse2, sse3, ssse3, sse4.1, sse4.2, popcnt, avx, avx2, aes, clmul, erms, 3dnowpref, lzcnt, ht, tsc, tscinvbit, bmi1, bmi2, adx

/proc/cpuinfo:
processor	: 0
vendor_id	: GenuineIntel
cpu family	: 6
model		: 142
model name	: Intel(R) Core(TM) i5-7200U CPU @ 2.50GHz
stepping	: 9
microcode	: 0x42
cpu MHz		: 2700.000
cache size	: 3072 KB
physical id	: 0
siblings	: 4
core id		: 0
cpu cores	: 2
apicid		: 0
initial apicid	: 0
fpu		: yes
fpu_exception	: yes
cpuid level	: 22
wp		: yes
flags		: fpu vme de pse tsc msr pae mce cx8 apic sep mtrr pge mca cmov pat pse36 clflush dts acpi mmx fxsr sse sse2 ss ht tm pbe syscall nx pdpe1gb rdtscp lm constant_tsc art arch_perfmon pebs bts rep_good nopl xtopology nonstop_tsc cpuid aperfmperf tsc_known_freq pni pclmulqdq dtes64 monitor ds_cpl vmx est tm2 ssse3 sdbg fma cx16 xtpr pdcm pcid sse4_1 sse4_2 x2apic movbe popcnt aes xsave avx f16c rdrand lahf_lm abm 3dnowprefetch cpuid_fault epb invpcid_single pti intel_pt tpr_shadow vnmi flexpriority ept vpid fsgsbase tsc_adjust bmi1 avx2 smep bmi2 erms invpcid mpx rdseed adx smap clflushopt xsaveopt xsavec xgetbv1 xsaves dtherm ida arat pln pts hwp hwp_notify hwp_act_window hwp_epp
bugs		: cpu_meltdown spectre_v1 spectre_v2
bogomips	: 5424.00
clflush size	: 64
cache_alignment	: 64
address sizes	: 39 bits physical, 48 bits virtual
power management:

processor	: 1
vendor_id	: GenuineIntel
cpu family	: 6
model		: 142
model name	: Intel(R) Core(TM) i5-7200U CPU @ 2.50GHz
stepping	: 9
microcode	: 0x42
cpu MHz		: 2700.000
cache size	: 3072 KB
physical id	: 0
siblings	: 4
core id		: 1
cpu cores	: 2
apicid		: 2
initial apicid	: 2
fpu		: yes
fpu_exception	: yes
cpuid level	: 22
wp		: yes
flags		: fpu vme de pse tsc msr pae mce cx8 apic sep mtrr pge mca cmov pat pse36 clflush dts acpi mmx fxsr sse sse2 ss ht tm pbe syscall nx pdpe1gb rdtscp lm constant_tsc art arch_perfmon pebs bts rep_good nopl xtopology nonstop_tsc cpuid aperfmperf tsc_known_freq pni pclmulqdq dtes64 monitor ds_cpl vmx est tm2 ssse3 sdbg fma cx16 xtpr pdcm pcid sse4_1 sse4_2 x2apic movbe popcnt aes xsave avx f16c rdrand lahf_lm abm 3dnowprefetch cpuid_fault epb invpcid_single pti intel_pt tpr_shadow vnmi flexpriority ept vpid fsgsbase tsc_adjust bmi1 avx2 smep bmi2 erms invpcid mpx rdseed adx smap clflushopt xsaveopt xsavec xgetbv1 xsaves dtherm ida arat pln pts hwp hwp_notify hwp_act_window hwp_epp
bugs		: cpu_meltdown spectre_v1 spectre_v2
bogomips	: 5424.00
clflush size	: 64
cache_alignment	: 64
address sizes	: 39 bits physical, 48 bits virtual
power management:

processor	: 2
vendor_id	: GenuineIntel
cpu family	: 6
model		: 142
model name	: Intel(R) Core(TM) i5-7200U CPU @ 2.50GHz
stepping	: 9
microcode	: 0x42
cpu MHz		: 2700.000
cache size	: 3072 KB
physical id	: 0
siblings	: 4
core id		: 0
cpu cores	: 2
apicid		: 1
initial apicid	: 1
fpu		: yes
fpu_exception	: yes
cpuid level	: 22
wp		: yes
flags		: fpu vme de pse tsc msr pae mce cx8 apic sep mtrr pge mca cmov pat pse36 clflush dts acpi mmx fxsr sse sse2 ss ht tm pbe syscall nx pdpe1gb rdtscp lm constant_tsc art arch_perfmon pebs bts rep_good nopl xtopology nonstop_tsc cpuid aperfmperf tsc_known_freq pni pclmulqdq dtes64 monitor ds_cpl vmx est tm2 ssse3 sdbg fma cx16 xtpr pdcm pcid sse4_1 sse4_2 x2apic movbe popcnt aes xsave avx f16c rdrand lahf_lm abm 3dnowprefetch cpuid_fault epb invpcid_single pti intel_pt tpr_shadow vnmi flexpriority ept vpid fsgsbase tsc_adjust bmi1 avx2 smep bmi2 erms invpcid mpx rdseed adx smap clflushopt xsaveopt xsavec xgetbv1 xsaves dtherm ida arat pln pts hwp hwp_notify hwp_act_window hwp_epp
bugs		: cpu_meltdown spectre_v1 spectre_v2
bogomips	: 5424.00
clflush size	: 64
cache_alignment	: 64
address sizes	: 39 bits physical, 48 bits virtual
power management:

processor	: 3
vendor_id	: GenuineIntel
cpu family	: 6
model		: 142
model name	: Intel(R) Core(TM) i5-7200U CPU @ 2.50GHz
stepping	: 9
microcode	: 0x42
cpu MHz		: 2700.000
cache size	: 3072 KB
physical id	: 0
siblings	: 4
core id		: 1
cpu cores	: 2
apicid		: 3
initial apicid	: 3
fpu		: yes
fpu_exception	: yes
cpuid level	: 22
wp		: yes
flags		: fpu vme de pse tsc msr pae mce cx8 apic sep mtrr pge mca cmov pat pse36 clflush dts acpi mmx fxsr sse sse2 ss ht tm pbe syscall nx pdpe1gb rdtscp lm constant_tsc art arch_perfmon pebs bts rep_good nopl xtopology nonstop_tsc cpuid aperfmperf tsc_known_freq pni pclmulqdq dtes64 monitor ds_cpl vmx est tm2 ssse3 sdbg fma cx16 xtpr pdcm pcid sse4_1 sse4_2 x2apic movbe popcnt aes xsave avx f16c rdrand lahf_lm abm 3dnowprefetch cpuid_fault epb invpcid_single pti intel_pt tpr_shadow vnmi flexpriority ept vpid fsgsbase tsc_adjust bmi1 avx2 smep bmi2 erms invpcid mpx rdseed adx smap clflushopt xsaveopt xsavec xgetbv1 xsaves dtherm ida arat pln pts hwp hwp_notify hwp_act_window hwp_epp
bugs		: cpu_meltdown spectre_v1 spectre_v2
bogomips	: 5424.00
clflush size	: 64
cache_alignment	: 64
address sizes	: 39 bits physical, 48 bits virtual
power management:



Memory: 4k page, physical 8055620k(119796k free), swap 0k(0k free)

vm_info: Java HotSpot(TM) 64-Bit Server VM (25.161-b12) for linux-amd64 JRE (1.8.0_161-b12), built on Dec 19 2017 16:12:43 by "java_re" with gcc 4.3.0 20080428 (Red Hat 4.3.0-8)

time: Fri Feb 16 13:20:46 2018
elapsed time: 21 seconds (0d 0h 0m 21s)

